{
  "RSpec": {
    "coverage": {
      "/home/ad/fshome1/u1/e/etjheino/Linux/wadror/config/environment.rb": [
        null,
        1,
        null,
        null,
        1
      ],
      "/home/ad/fshome1/u1/e/etjheino/Linux/wadror/config/application.rb": [
        1,
        null,
        1,
        null,
        null,
        null,
        1,
        null,
        1,
        1,
        null,
        null,
        null,
        null,
        null,
        null,
        null,
        null,
        null,
        null,
        null,
        1,
        null,
        null
      ],
      "/home/ad/fshome1/u1/e/etjheino/Linux/wadror/config/boot.rb": [
        null,
        1,
        null,
        1
      ],
      "/home/ad/fshome1/u1/e/etjheino/Linux/wadror/config/environments/test.rb": [
        1,
        null,
        null,
        null,
        null,
        null,
        null,
        1,
        null,
        null,
        null,
        null,
        1,
        null,
        null,
        1,
        1,
        null,
        null,
        1,
        1,
        null,
        null,
        1,
        null,
        null,
        1,
        null,
        null,
        null,
        null,
        1,
        null,
        null,
        1,
        null
      ],
      "/home/ad/fshome1/u1/e/etjheino/Linux/wadror/config/initializers/backtrace_silencers.rb": [
        null,
        null,
        null,
        null,
        null,
        null,
        null
      ],
      "/home/ad/fshome1/u1/e/etjheino/Linux/wadror/config/initializers/filter_parameter_logging.rb": [
        null,
        null,
        null,
        1
      ],
      "/home/ad/fshome1/u1/e/etjheino/Linux/wadror/config/initializers/inflections.rb": [
        null,
        null,
        null,
        null,
        null,
        null,
        null,
        null,
        null,
        null,
        null,
        null,
        null,
        null,
        null,
        null
      ],
      "/home/ad/fshome1/u1/e/etjheino/Linux/wadror/config/initializers/mime_types.rb": [
        null,
        null,
        null,
        null,
        null
      ],
      "/home/ad/fshome1/u1/e/etjheino/Linux/wadror/config/initializers/secret_token.rb": [
        null,
        null,
        null,
        null,
        null,
        null,
        null,
        null,
        null,
        null,
        null,
        1
      ],
      "/home/ad/fshome1/u1/e/etjheino/Linux/wadror/config/initializers/session_store.rb": [
        null,
        null,
        1
      ],
      "/home/ad/fshome1/u1/e/etjheino/Linux/wadror/config/initializers/wrap_parameters.rb": [
        null,
        null,
        null,
        null,
        null,
        null,
        1,
        1,
        null,
        null,
        null,
        null,
        null,
        null
      ],
      "/home/ad/fshome1/u1/e/etjheino/Linux/wadror/spec/factories.rb": [
        1,
        1,
        1,
        1,
        1,
        null,
        null,
        1,
        1,
        null,
        null,
        1,
        1,
        null,
        null,
        1,
        1,
        1,
        null,
        null,
        1,
        1,
        1,
        1,
        null,
        null
      ],
      "/home/ad/fshome1/u1/e/etjheino/Linux/wadror/app/models/rating.rb": [
        1,
        1,
        1,
        1,
        null,
        null,
        null,
        1,
        40,
        null,
        null
      ],
      "/home/ad/fshome1/u1/e/etjheino/Linux/wadror/config/routes.rb": [
        1,
        1,
        null,
        1,
        null,
        1,
        null,
        1,
        null,
        1,
        null,
        1,
        null,
        1,
        null,
        1,
        null,
        1,
        null,
        1,
        1,
        1,
        null,
        null,
        null,
        null,
        null,
        null,
        null,
        null,
        null,
        null,
        null,
        null,
        null,
        null,
        null,
        null,
        null,
        null,
        null,
        null,
        null,
        null,
        null,
        null,
        null,
        null,
        null,
        null,
        null,
        null,
        null,
        null,
        null,
        null,
        null,
        null,
        null,
        null,
        null,
        null,
        null,
        null,
        null,
        null,
        null,
        null,
        null,
        null,
        null,
        null,
        null,
        null,
        null,
        null,
        null,
        null
      ],
      "/home/ad/fshome1/u1/e/etjheino/Linux/wadror/app/helpers/application_helper.rb": [
        1,
        null
      ],
      "/home/ad/fshome1/u1/e/etjheino/Linux/wadror/app/helpers/beer_clubs_helper.rb": [
        1,
        null
      ],
      "/home/ad/fshome1/u1/e/etjheino/Linux/wadror/app/helpers/beers_helper.rb": [
        1,
        null
      ],
      "/home/ad/fshome1/u1/e/etjheino/Linux/wadror/app/helpers/breweries_helper.rb": [
        1,
        null
      ],
      "/home/ad/fshome1/u1/e/etjheino/Linux/wadror/app/helpers/memberships_helper.rb": [
        1,
        null
      ],
      "/home/ad/fshome1/u1/e/etjheino/Linux/wadror/app/helpers/users_helper.rb": [
        1,
        null
      ],
      "/home/ad/fshome1/u1/e/etjheino/Linux/wadror/spec/support/helpers/own_test_helper.rb": [
        1,
        null,
        1,
        9,
        9,
        9,
        9,
        null,
        null,
        null,
        null,
        1,
        33,
        33,
        33,
        null,
        null,
        1,
        6,
        25,
        null,
        null,
        null,
        null
      ],
      "/home/ad/fshome1/u1/e/etjheino/Linux/wadror/spec/features/beers_spec.rb": [
        1,
        1,
        null,
        1,
        3,
        3,
        null,
        1,
        2,
        null,
        null,
        1,
        1,
        1,
        null,
        1,
        1,
        1,
        null,
        1,
        1,
        2,
        1,
        1,
        null,
        null,
        null,
        1,
        1,
        1,
        null,
        1,
        1,
        1,
        null,
        1,
        1,
        2,
        null,
        1,
        1,
        null,
        null,
        null,
        null,
        null,
        null
      ],
      "/home/ad/fshome1/u1/e/etjheino/Linux/wadror/spec/features/breweries_page_spec.rb": [
        1,
        null,
        1,
        1,
        1,
        1,
        1,
        null,
        null,
        null,
        1,
        1,
        2,
        2,
        2,
        6,
        null,
        null,
        2,
        null,
        null,
        1,
        1,
        1,
        3,
        null,
        null,
        null,
        1,
        1,
        null,
        1,
        1,
        null,
        null,
        null,
        null
      ],
      "/home/ad/fshome1/u1/e/etjheino/Linux/wadror/spec/features/ratings_spec.rb": [
        1,
        1,
        null,
        1,
        4,
        4,
        4,
        4,
        null,
        1,
        3,
        null,
        null,
        1,
        1,
        1,
        1,
        null,
        1,
        1,
        2,
        null,
        1,
        1,
        1,
        null,
        null,
        1,
        1,
        2,
        2,
        10,
        10,
        null,
        null,
        1,
        1,
        null,
        1,
        1,
        1,
        null,
        1,
        1,
        1,
        null,
        1,
        null,
        null,
        null,
        null,
        null,
        null
      ],
      "/home/ad/fshome1/u1/e/etjheino/Linux/wadror/spec/features/users_spec.rb": [
        1,
        1,
        null,
        1,
        6,
        null,
        1,
        1,
        1,
        null,
        1,
        1,
        null,
        null,
        1,
        1,
        null,
        1,
        1,
        null,
        null,
        null,
        1,
        1,
        2,
        null,
        null,
        1,
        1,
        2,
        null,
        null,
        1,
        1,
        1,
        null,
        null,
        1,
        1,
        1,
        null,
        1,
        1,
        null,
        null,
        null,
        null,
        1,
        1,
        1,
        1,
        1,
        null,
        1,
        1,
        2,
        null,
        null
      ],
      "/home/ad/fshome1/u1/e/etjheino/Linux/wadror/spec/models/beer_spec.rb": [
        1,
        null,
        1,
        1,
        4,
        2,
        2,
        2,
        null,
        null,
        1,
        2,
        null,
        2,
        null,
        null,
        1,
        2,
        null,
        2,
        null,
        null,
        null,
        null,
        1,
        3,
        1,
        null,
        null,
        1,
        1,
        null,
        1,
        null,
        null,
        1,
        1,
        1,
        5,
        null,
        null,
        null,
        null,
        null
      ],
      "/home/ad/fshome1/u1/e/etjheino/Linux/wadror/app/models/beer.rb": [
        1,
        1,
        1,
        1,
        1,
        null,
        1,
        1,
        null,
        1,
        2,
        null,
        null,
        1,
        2,
        null,
        null
      ],
      "/home/ad/fshome1/u1/e/etjheino/Linux/wadror/lib/average_rating.rb": [
        1,
        1,
        7,
        null,
        null
      ],
      "/home/ad/fshome1/u1/e/etjheino/Linux/wadror/spec/models/user_spec.rb": [
        1,
        1,
        null,
        1,
        1,
        1,
        null,
        1,
        null,
        null,
        1,
        1,
        null,
        1,
        1,
        null,
        null,
        1,
        5,
        null,
        1,
        1,
        null,
        null,
        1,
        1,
        null,
        null,
        1,
        1,
        1,
        null,
        1,
        null,
        null,
        1,
        1,
        1,
        null,
        1,
        null,
        null,
        null,
        1,
        3,
        null,
        1,
        1,
        1,
        null,
        null,
        1,
        1,
        1,
        null,
        1,
        1,
        null,
        null,
        null,
        1,
        2,
        2,
        null,
        null,
        1,
        2,
        2,
        null,
        null,
        1,
        5,
        1,
        1,
        null,
        null,
        1,
        1,
        1,
        null,
        null,
        1,
        1,
        1,
        null,
        1,
        null,
        null,
        1,
        1,
        null,
        null,
        null
      ],
      "/home/ad/fshome1/u1/e/etjheino/Linux/wadror/app/models/user.rb": [
        1,
        1,
        null,
        1,
        null,
        1,
        null,
        1,
        null,
        null,
        null,
        1,
        1,
        null,
        1,
        1,
        null,
        1,
        3,
        2,
        null,
        null,
        1,
        null,
        3,
        null,
        3,
        3,
        null,
        null
      ],
      "/home/ad/fshome1/u1/e/etjheino/Linux/wadror/app/models/brewery.rb": [
        1,
        1,
        1,
        1,
        null,
        1,
        1,
        null,
        1,
        null,
        1,
        0,
        null,
        null,
        1,
        45,
        0,
        null,
        null,
        null
      ],
      "/home/ad/fshome1/u1/e/etjheino/Linux/wadror/app/controllers/sessions_controller.rb": [
        1,
        1,
        null,
        null,
        null,
        1,
        9,
        9,
        1,
        null,
        8,
        8,
        null,
        null,
        null,
        1,
        null,
        0,
        null,
        0,
        null,
        null
      ],
      "/home/ad/fshome1/u1/e/etjheino/Linux/wadror/app/controllers/application_controller.rb": [
        1,
        null,
        null,
        1,
        null,
        1,
        null,
        null,
        1,
        130,
        108,
        null,
        null,
        1,
        4,
        null,
        null,
        1,
        0,
        null,
        null,
        1,
        1,
        1,
        0,
        null,
        1,
        null,
        null,
        null
      ],
      "/home/ad/fshome1/u1/e/etjheino/Linux/wadror/app/controllers/users_controller.rb": [
        1,
        1,
        null,
        null,
        null,
        1,
        0,
        null,
        null,
        null,
        null,
        1,
        14,
        null,
        null,
        null,
        1,
        1,
        null,
        null,
        null,
        1,
        null,
        null,
        null,
        null,
        1,
        1,
        null,
        1,
        1,
        2,
        1,
        null,
        0,
        0,
        null,
        null,
        null,
        null,
        null,
        null,
        1,
        0,
        0,
        0,
        0,
        null,
        0,
        0,
        null,
        null,
        null,
        null,
        null,
        null,
        1,
        0,
        0,
        0,
        null,
        null,
        0,
        0,
        0,
        null,
        null,
        null,
        1,
        null,
        1,
        14,
        null,
        null,
        null,
        1,
        1,
        null,
        null
      ],
      "/home/ad/fshome1/u1/e/etjheino/Linux/wadror/app/models/membership.rb": [
        1,
        1,
        1,
        null,
        1,
        null,
        null
      ],
      "/home/ad/fshome1/u1/e/etjheino/Linux/wadror/app/models/beer_club.rb": [
        1,
        1,
        1,
        null
      ],
      "/home/ad/fshome1/u1/e/etjheino/Linux/wadror/app/controllers/ratings_controller.rb": [
        1,
        1,
        1,
        null,
        null,
        1,
        1,
        1,
        null,
        null,
        1,
        1,
        null,
        1,
        1,
        1,
        null,
        0,
        0,
        null,
        null,
        null,
        1,
        1,
        1,
        1,
        null,
        null,
        null,
        null
      ],
      "/home/ad/fshome1/u1/e/etjheino/Linux/wadror/app/controllers/beer_clubs_controller.rb": [
        1,
        1,
        1,
        1,
        null,
        null,
        null,
        1,
        0,
        null,
        null,
        null,
        null,
        1,
        0,
        null,
        null,
        null,
        1,
        0,
        null,
        null,
        null,
        1,
        null,
        null,
        null,
        null,
        1,
        0,
        null,
        0,
        0,
        0,
        0,
        null,
        0,
        0,
        null,
        null,
        null,
        null,
        null,
        null,
        1,
        0,
        0,
        0,
        0,
        null,
        0,
        0,
        null,
        null,
        null,
        null,
        null,
        null,
        1,
        0,
        0,
        0,
        0,
        null,
        null,
        null,
        1,
        null,
        1,
        0,
        null,
        null,
        null,
        1,
        0,
        null,
        null
      ],
      "/home/ad/fshome1/u1/e/etjheino/Linux/wadror/app/controllers/memberships_controller.rb": [
        1,
        1,
        null,
        null,
        null,
        1,
        0,
        null,
        null,
        null,
        null,
        1,
        null,
        null,
        null,
        1,
        0,
        0,
        0,
        null,
        null,
        null,
        1,
        0,
        null,
        null,
        null,
        null,
        1,
        0,
        null,
        0,
        0,
        0,
        0,
        null,
        0,
        0,
        0,
        null,
        null,
        null,
        null,
        null,
        null,
        1,
        0,
        0,
        0,
        0,
        null,
        0,
        0,
        null,
        null,
        null,
        null,
        null,
        null,
        1,
        0,
        0,
        0,
        0,
        null,
        null,
        null,
        1,
        null,
        1,
        0,
        null,
        null,
        null,
        1,
        0,
        null,
        null
      ],
      "/home/ad/fshome1/u1/e/etjheino/Linux/wadror/app/controllers/breweries_controller.rb": [
        1,
        1,
        1,
        1,
        null,
        null,
        null,
        1,
        3,
        null,
        null,
        null,
        null,
        1,
        null,
        null,
        null,
        1,
        0,
        null,
        null,
        null,
        1,
        null,
        null,
        null,
        null,
        1,
        0,
        null,
        0,
        0,
        0,
        0,
        null,
        0,
        0,
        null,
        null,
        null,
        null,
        null,
        null,
        1,
        0,
        0,
        0,
        0,
        null,
        0,
        0,
        null,
        null,
        null,
        null,
        null,
        null,
        1,
        0,
        0,
        0,
        0,
        null,
        null,
        null,
        1,
        null,
        1,
        1,
        null,
        null,
        null,
        1,
        0,
        null,
        null,
        null,
        null,
        null
      ],
      "/home/ad/fshome1/u1/e/etjheino/Linux/wadror/app/controllers/beers_controller.rb": [
        1,
        1,
        1,
        1,
        1,
        null,
        null,
        null,
        1,
        1,
        null,
        null,
        null,
        null,
        1,
        null,
        null,
        null,
        1,
        2,
        2,
        2,
        null,
        null,
        null,
        1,
        0,
        null,
        null,
        null,
        null,
        1,
        2,
        null,
        2,
        2,
        2,
        1,
        null,
        2,
        1,
        null,
        null,
        null,
        null,
        null,
        null,
        1,
        0,
        0,
        0,
        0,
        null,
        0,
        0,
        null,
        null,
        null,
        null,
        null,
        null,
        1,
        0,
        0,
        0,
        0,
        null,
        null,
        null,
        1,
        null,
        1,
        0,
        null,
        null,
        null,
        1,
        2,
        null,
        null,
        1,
        4,
        4,
        null,
        null,
        null
      ]
    },
    "timestamp": 1391835064
  }
}
